\BOOKMARK [0][-]{chapter.1}{\376\377\000I\000n\000t\000r\000o\000d\000u\000c\000t\000i\000o\000n}{}% 1
\BOOKMARK [0][-]{chapter.2}{\376\377\000P\000h\000a\000s\000e\000\040\0001}{}% 2
\BOOKMARK [1][-]{section.2.1}{\376\377\000O\000p\000e\000r\000a\000t\000i\000n\000g\000\040\000c\000o\000s\000t\000s}{chapter.2}% 3
\BOOKMARK [1][-]{section.2.2}{\376\377\000P\000r\000o\000b\000l\000e\000m\000\040\000i\000d\000e\000n\000t\000i\000f\000i\000c\000a\000t\000i\000o\000n}{chapter.2}% 4
\BOOKMARK [1][-]{section.2.3}{\376\377\000S\000o\000l\000u\000t\000i\000o\000n\000\040\000s\000u\000g\000g\000e\000s\000t\000i\000o\000n}{chapter.2}% 5
\BOOKMARK [0][-]{chapter.3}{\376\377\000P\000h\000a\000s\000e\000\040\0002}{}% 6
\BOOKMARK [1][-]{section.3.1}{\376\377\000A\000d\000d\000i\000t\000i\000o\000n\000\040\000o\000f\000\040\000l\000i\000n\000e\000s}{chapter.3}% 7
\BOOKMARK [2][-]{subsection.3.1.1}{\376\377\000F\000o\000r\000m\000u\000l\000a\000t\000i\000o\000n}{section.3.1}% 8
\BOOKMARK [2][-]{subsection.3.1.2}{\376\377\000R\000e\000s\000u\000l\000t\000s}{section.3.1}% 9
\BOOKMARK [1][-]{section.3.2}{\376\377\000R\000i\000s\000i\000n\000g\000\040\000t\000h\000e\000\040\000v\000o\000l\000t\000a\000g\000e\000\040\000l\000e\000v\000e\000l}{chapter.3}% 10
\BOOKMARK [2][-]{subsection.3.2.1}{\376\377\000D\000e\000s\000c\000r\000i\000p\000t\000i\000o\000n}{section.3.2}% 11
\BOOKMARK [2][-]{subsection.3.2.2}{\376\377\000R\000e\000s\000u\000l\000t\000s}{section.3.2}% 12
\BOOKMARK [0][-]{chapter.4}{\376\377\000P\000h\000a\000s\000e\000\040\0003}{}% 13
\BOOKMARK [1][-]{section.4.1}{\376\377\000O\000v\000e\000r\000v\000i\000e\000w}{chapter.4}% 14
\BOOKMARK [1][-]{section.4.2}{\376\377\000R\000e\000n\000e\000w\000a\000b\000l\000e\000'\000s\000\040\000i\000n\000t\000e\000g\000r\000a\000t\000i\000o\000n}{chapter.4}% 15
\BOOKMARK [2][-]{subsection.4.2.1}{\376\377\000S\000o\000l\000a\000r\000\040\000P\000V}{section.4.2}% 16
\BOOKMARK [2][-]{subsection.4.2.2}{\376\377\000W\000i\000n\000d}{section.4.2}% 17
\BOOKMARK [1][-]{section.4.3}{\376\377\000B\000a\000s\000e\000\040\000c\000a\000s\000e\000\040\000a\000n\000a\000l\000y\000s\000i\000s}{chapter.4}% 18
\BOOKMARK [1][-]{section.4.4}{\376\377\000C\000o\000n\000t\000i\000n\000g\000e\000n\000c\000y\000\040\000a\000n\000a\000l\000y\000s\000i\000s}{chapter.4}% 19
\BOOKMARK [0][-]{chapter.5}{\376\377\000C\000o\000d\000e}{}% 20
\BOOKMARK [0][-]{chapter*.21}{\376\377\000B\000i\000b\000l\000i\000o\000g\000r\000a\000p\000h\000y}{}% 21
