This is pdfTeX, Version 3.141592653-2.6-1.40.22 (TeX Live 2021/Arch Linux) (preloaded format=pdflatex 2021.9.21)  12 OCT 2021 20:47
entering extended mode
 restricted \write18 enabled.
 %&-line parsing enabled.
**Chapters/Phase1.tex
(./Chapters/Phase1.tex
LaTeX2e <2020-10-01> patch level 4
L3 programming layer <2021-02-18>

! LaTeX Error: Environment figure undefined.

See the LaTeX manual or LaTeX Companion for explanation.
Type  H <return>  for immediate help.
 ...                                              
                                                  
l.3 \begin{figure}
                  [!htb]\centering
? 
! Emergency stop.
 ...                                              
                                                  
l.3 \begin{figure}
                  [!htb]\centering
Your command was ignored.
Type  I <command> <return>  to replace it with another command,
or  <return>  to continue without it.

 
Here is how much of TeX's memory you used:
 18 strings out of 478994
 554 string characters out of 5864751
 283044 words of memory out of 5000000
 17602 multiletter control sequences out of 15000+600000
 403430 words of font info for 27 fonts, out of 8000000 for 9000
 1141 hyphenation exceptions out of 8191
 13i,0n,15p,77b,16s stack positions out of 5000i,500n,10000p,200000b,80000s
!  ==> Fatal error occurred, no output PDF file produced!
